<?xml version="1.0" encoding="UTF-8"?>
<!-- Generated by org.testng.reporters.JUnitXMLReporter -->
<testsuite hostname="Desktop" ignored="0" name="Default test" tests="15" failures="0" timestamp="08 Sep 2020 05:39:33 GMT" time="70.84" errors="0">
  <testcase name="verifyLoginFunctionslityTest" time="23.715" classname="com.tests.LoginPageTest"/>
  <testcase name="clickWomenEveningDress" time="4.358" classname="com.tests.LoginPageTest"/>
  <testcase name="selectSizeColor" time="0.287" classname="com.tests.LoginPageTest"/>
  <testcase name="clickOnMoreButton" time="4.635" classname="com.tests.LoginPageTest"/>
  <testcase name="selectQtyColSize" time="6.083" classname="com.tests.LoginPageTest"/>
  <testcase name="validateColorSize" time="0.11" classname="com.tests.LoginPageTest"/>
  <testcase name="validateTotalQuantity" time="0.076" classname="com.tests.LoginPageTest"/>
  <testcase name="validateColour" time="0.043" classname="com.tests.LoginPageTest"/>
  <testcase name="validateSize" time="0.043" classname="com.tests.LoginPageTest"/>
  <testcase name="validateTotalCost" time="0.053" classname="com.tests.LoginPageTest"/>
  <testcase name="validateTotalshipping" time="0.063" classname="com.tests.LoginPageTest"/>
  <testcase name="validateTotalProductCost" time="0.189" classname="com.tests.LoginPageTest"/>
  <testcase name="PrintAllData" time="0.343" classname="com.tests.LoginPageTest"/>
  <testcase name="popUpClosed" time="0.173" classname="com.tests.LoginPageTest"/>
  <testcase name="signOut" time="2.608" classname="com.tests.LoginPageTest"/>
</testsuite> <!-- Default test -->
